<?xml version="1.0" encoding="UTF-8"?>
<testng-results ignored="0" total="1" passed="1" failed="0" skipped="0">
  <reporter-output>
  </reporter-output>
  <suite started-at="2024-08-06T15:35:08 EET" name="Suite" finished-at="2024-08-06T15:35:49 EET" duration-ms="40997">
    <groups>
    </groups>
    <test started-at="2024-08-06T15:35:08 EET" name="Test1" finished-at="2024-08-06T15:35:49 EET" duration-ms="40997">
      <class name="Jodayn.getCompetitions">
        <test-method is-config="true" signature="openWebSite()[pri:0, instance:Jodayn.getCompetitions@3ecd267f]" started-at="2024-08-06T15:35:08 EET" name="openWebSite" finished-at="2024-08-06T15:35:32 EET" duration-ms="23997" status="PASS">
          <reporter-output>
          </reporter-output>
        </test-method> <!-- openWebSite -->
        <test-method signature="SearchForCompetition()[pri:0, instance:Jodayn.getCompetitions@3ecd267f]" started-at="2024-08-06T15:35:32 EET" name="SearchForCompetition" finished-at="2024-08-06T15:35:49 EET" duration-ms="16948" status="PASS">
          <reporter-output>
          </reporter-output>
        </test-method> <!-- SearchForCompetition -->
      </class> <!-- Jodayn.getCompetitions -->
    </test> <!-- Test1 -->
  </suite> <!-- Suite -->
</testng-results>
