<?xml version="1.0" encoding="UTF-8"?>
<testng-results ignored="0" total="1" passed="1" failed="0" skipped="0">
  <reporter-output>
  </reporter-output>
  <suite started-at="2024-08-06T14:42:11 EET" name="Suite" finished-at="2024-08-06T14:42:42 EET" duration-ms="31269">
    <groups>
    </groups>
    <test started-at="2024-08-06T14:42:11 EET" name="Test1" finished-at="2024-08-06T14:42:42 EET" duration-ms="31269">
      <class name="Jodayn.getCompetitions">
        <test-method is-config="true" signature="openWebSite()[pri:0, instance:Jodayn.getCompetitions@3401a114]" started-at="2024-08-06T14:42:11 EET" name="openWebSite" finished-at="2024-08-06T14:42:35 EET" duration-ms="24291" status="PASS">
          <reporter-output>
          </reporter-output>
        </test-method> <!-- openWebSite -->
        <test-method signature="SearchForCompetition()[pri:0, instance:Jodayn.getCompetitions@3401a114]" started-at="2024-08-06T14:42:35 EET" name="SearchForCompetition" finished-at="2024-08-06T14:42:42 EET" duration-ms="6945" status="PASS">
          <reporter-output>
          </reporter-output>
        </test-method> <!-- SearchForCompetition -->
      </class> <!-- Jodayn.getCompetitions -->
    </test> <!-- Test1 -->
  </suite> <!-- Suite -->
</testng-results>
