<?xml version="1.0" encoding="UTF-8"?>
<testng-results ignored="0" total="1" passed="1" failed="0" skipped="0">
  <reporter-output>
  </reporter-output>
  <suite started-at="2024-08-06T15:52:51 EET" name="Default suite" finished-at="2024-08-06T15:53:35 EET" duration-ms="43975">
    <groups>
    </groups>
    <test started-at="2024-08-06T15:52:51 EET" name="Default test" finished-at="2024-08-06T15:53:35 EET" duration-ms="43975">
      <class name="Jodayn.getCompetitions">
        <test-method is-config="true" signature="openWebSite()[pri:0, instance:Jodayn.getCompetitions@a486d78]" started-at="2024-08-06T15:52:51 EET" name="openWebSite" finished-at="2024-08-06T15:53:15 EET" duration-ms="23764" status="PASS">
          <reporter-output>
          </reporter-output>
        </test-method> <!-- openWebSite -->
        <test-method signature="SearchForCompetition()[pri:0, instance:Jodayn.getCompetitions@a486d78]" started-at="2024-08-06T15:53:15 EET" name="SearchForCompetition" finished-at="2024-08-06T15:53:35 EET" duration-ms="20182" status="PASS">
          <reporter-output>
          </reporter-output>
        </test-method> <!-- SearchForCompetition -->
      </class> <!-- Jodayn.getCompetitions -->
    </test> <!-- Default test -->
  </suite> <!-- Default suite -->
</testng-results>
